<?xml version="1.0" encoding="UTF-8"?>
<coverage generated="1507401961">
  <project timestamp="1507401961">
    <package name="PHPJasper\Exception">
      <file name="/Users/dave/VagrantBoxes/php7/html/phpjasper/src/Exception/ErrorCommandExecutable.php">
        <class name="ErrorCommandExecutable" namespace="PHPJasper\Exception" fullPackage="PHPJasper" package="PHPJasper">
          <metrics complexity="1" methods="1" coveredmethods="1" conditionals="0" coveredconditionals="0" statements="3" coveredstatements="3" elements="4" coveredelements="4"/>
        </class>
        <line num="9" type="method" name="__construct" visibility="public" complexity="1" crap="1" count="1"/>
        <line num="11" type="stmt" count="1"/>
        <line num="12" type="stmt" count="1"/>
        <line num="13" type="stmt" count="1"/>
        <metrics loc="13" ncloc="9" classes="1" methods="1" coveredmethods="1" conditionals="0" coveredconditionals="0" statements="3" coveredstatements="3" elements="4" coveredelements="4"/>
      </file>
      <file name="/Users/dave/VagrantBoxes/php7/html/phpjasper/src/Exception/InvalidCommandExecutable.php">
        <class name="InvalidCommandExecutable" namespace="PHPJasper\Exception" fullPackage="PHPJasper" package="PHPJasper">
          <metrics complexity="1" methods="1" coveredmethods="1" conditionals="0" coveredconditionals="0" statements="3" coveredstatements="3" elements="4" coveredelements="4"/>
        </class>
        <line num="16" type="method" name="__construct" visibility="public" complexity="1" crap="1" count="1"/>
        <line num="18" type="stmt" count="1"/>
        <line num="19" type="stmt" count="1"/>
        <line num="20" type="stmt" count="1"/>
        <metrics loc="20" ncloc="10" classes="1" methods="1" coveredmethods="1" conditionals="0" coveredconditionals="0" statements="3" coveredstatements="3" elements="4" coveredelements="4"/>
      </file>
      <file name="/Users/dave/VagrantBoxes/php7/html/phpjasper/src/Exception/InvalidFormat.php">
        <class name="InvalidFormat" namespace="PHPJasper\Exception" fullPackage="PHPJasper" package="PHPJasper">
          <metrics complexity="1" methods="1" coveredmethods="1" conditionals="0" coveredconditionals="0" statements="2" coveredstatements="2" elements="3" coveredelements="3"/>
        </class>
        <line num="10" type="method" name="__construct" visibility="public" complexity="1" crap="1" count="1"/>
        <line num="12" type="stmt" count="1"/>
        <line num="13" type="stmt" count="1"/>
        <metrics loc="13" ncloc="9" classes="1" methods="1" coveredmethods="1" conditionals="0" coveredconditionals="0" statements="2" coveredstatements="2" elements="3" coveredelements="3"/>
      </file>
      <file name="/Users/dave/VagrantBoxes/php7/html/phpjasper/src/Exception/InvalidInputFile.php">
        <class name="InvalidInputFile" namespace="PHPJasper\Exception" fullPackage="PHPJasper" package="PHPJasper">
          <metrics complexity="1" methods="1" coveredmethods="1" conditionals="0" coveredconditionals="0" statements="3" coveredstatements="3" elements="4" coveredelements="4"/>
        </class>
        <line num="16" type="method" name="__construct" visibility="public" complexity="1" crap="1" count="3"/>
        <line num="18" type="stmt" count="3"/>
        <line num="19" type="stmt" count="3"/>
        <line num="20" type="stmt" count="3"/>
        <metrics loc="20" ncloc="10" classes="1" methods="1" coveredmethods="1" conditionals="0" coveredconditionals="0" statements="3" coveredstatements="3" elements="4" coveredelements="4"/>
      </file>
      <file name="/Users/dave/VagrantBoxes/php7/html/phpjasper/src/Exception/InvalidResourceDirectory.php">
        <class name="InvalidResourceDirectory" namespace="PHPJasper\Exception" fullPackage="PHPJasper" package="PHPJasper">
          <metrics complexity="1" methods="1" coveredmethods="0" conditionals="0" coveredconditionals="0" statements="4" coveredstatements="0" elements="5" coveredelements="0"/>
        </class>
        <line num="17" type="method" name="__construct" visibility="public" complexity="1" crap="2" count="0"/>
        <line num="18" type="stmt" count="0"/>
        <line num="19" type="stmt" count="0"/>
        <line num="20" type="stmt" count="0"/>
        <line num="21" type="stmt" count="0"/>
        <metrics loc="21" ncloc="10" classes="1" methods="1" coveredmethods="0" conditionals="0" coveredconditionals="0" statements="4" coveredstatements="0" elements="5" coveredelements="0"/>
      </file>
    </package>
    <package name="PHPJasper">
      <file name="/Users/dave/VagrantBoxes/php7/html/phpjasper/src/PHPJasper.php">
        <class name="PHPJasper" namespace="PHPJasper" fullPackage="PHPJasper" package="PHPJasper">
          <metrics complexity="32" methods="10" coveredmethods="6" conditionals="0" coveredconditionals="0" statements="66" coveredstatements="54" elements="76" coveredelements="60"/>
        </class>
        <line num="42" type="method" name="__construct" visibility="public" complexity="2" crap="2" count="11"/>
        <line num="44" type="stmt" count="11"/>
        <line num="45" type="stmt" count="11"/>
        <line num="46" type="stmt" count="11"/>
        <line num="47" type="stmt" count="11"/>
        <line num="55" type="method" name="compile" visibility="public" complexity="4" crap="4" count="4"/>
        <line num="57" type="stmt" count="4"/>
        <line num="58" type="stmt" count="1"/>
        <line num="61" type="stmt" count="3"/>
        <line num="62" type="stmt" count="3"/>
        <line num="63" type="stmt" count="3"/>
        <line num="65" type="stmt" count="3"/>
        <line num="66" type="stmt" count="1"/>
        <line num="69" type="stmt" count="3"/>
        <line num="81" type="method" name="process" visibility="public" complexity="9" crap="14.55" count="3"/>
        <line num="83" type="stmt" count="3"/>
        <line num="84" type="stmt" count="3"/>
        <line num="85" type="stmt" count="1"/>
        <line num="87" type="stmt" count="2"/>
        <line num="89" type="stmt" count="1"/>
        <line num="90" type="stmt" count="1"/>
        <line num="91" type="stmt" count="0"/>
        <line num="94" type="stmt" count="1"/>
        <line num="95" type="stmt" count="1"/>
        <line num="96" type="stmt" count="1"/>
        <line num="98" type="stmt" count="1"/>
        <line num="99" type="stmt" count="1"/>
        <line num="100" type="stmt" count="0"/>
        <line num="101" type="stmt" count="0"/>
        <line num="102" type="stmt" count="0"/>
        <line num="106" type="stmt" count="1"/>
        <line num="108" type="stmt" count="0"/>
        <line num="123" type="stmt" count="0"/>
        <line num="124" type="stmt" count="0"/>
        <line num="127" type="stmt" count="0"/>
        <line num="128" type="stmt" count="0"/>
        <line num="132" type="stmt" count="1"/>
        <line num="140" type="method" name="parseProcessOptions" visibility="protected" complexity="1" crap="1" count="3"/>
        <line num="143" type="stmt" count="3"/>
        <line num="150" type="stmt" count="3"/>
        <line num="157" type="method" name="validateFormat" visibility="protected" complexity="4" crap="4" count="2"/>
        <line num="159" type="stmt" count="2"/>
        <line num="160" type="stmt" count="1"/>
        <line num="162" type="stmt" count="2"/>
        <line num="163" type="stmt" count="2"/>
        <line num="164" type="stmt" count="2"/>
        <line num="167" type="stmt" count="1"/>
        <line num="174" type="method" name="listParameters" visibility="public" complexity="3" crap="3" count="2"/>
        <line num="176" type="stmt" count="2"/>
        <line num="177" type="stmt" count="1"/>
        <line num="180" type="stmt" count="1"/>
        <line num="181" type="stmt" count="1"/>
        <line num="182" type="stmt" count="1"/>
        <line num="184" type="stmt" count="1"/>
        <line num="194" type="method" name="execute" visibility="public" complexity="2" crap="2.01" count="2"/>
        <line num="196" type="stmt" count="2"/>
        <line num="197" type="stmt" count="1"/>
        <line num="199" type="stmt" count="1"/>
        <line num="200" type="stmt" count="1"/>
        <line num="202" type="stmt" count="1"/>
        <line num="203" type="stmt" count="1"/>
        <line num="204" type="stmt" count="1"/>
        <line num="205" type="stmt" count="1"/>
        <line num="208" type="stmt" count="0"/>
        <line num="214" type="method" name="output" visibility="public" complexity="1" crap="1" count="3"/>
        <line num="216" type="stmt" count="3"/>
        <line num="222" type="method" name="addUserToCommand" visibility="protected" complexity="3" crap="3.33" count="1"/>
        <line num="224" type="stmt" count="1"/>
        <line num="225" type="stmt" count="0"/>
        <line num="227" type="stmt" count="1"/>
        <line num="233" type="method" name="validateExecute" visibility="protected" complexity="3" crap="3.07" count="2"/>
        <line num="235" type="stmt" count="2"/>
        <line num="236" type="stmt" count="1"/>
        <line num="238" type="stmt" count="1"/>
        <line num="239" type="stmt" count="0"/>
        <line num="242" type="stmt" count="1"/>
        <metrics loc="243" ncloc="176" classes="1" methods="10" coveredmethods="6" conditionals="0" coveredconditionals="0" statements="66" coveredstatements="54" elements="76" coveredelements="60"/>
      </file>
    </package>
    <metrics files="6" loc="330" ncloc="224" classes="6" methods="15" coveredmethods="10" conditionals="0" coveredconditionals="0" statements="81" coveredstatements="65" elements="96" coveredelements="75"/>
  </project>
</coverage>
